<?xml version="1.0" encoding="UTF-8"?>
<!-- Generated by org.testng.reporters.JUnitReportReporter -->
<testsuite skipped="0" hostname="bdcaa2f7f010" name="com.searchmodule2.tests.SearchTest2" tests="5" failures="0" timestamp="22 Dec 2022 18:12:58 GMT" time="33.415" errors="0">
  <testcase name="search2" time="5.832" classname="com.searchmodule2.tests.SearchTest2"/>
  <testcase name="search2" time="4.891" classname="com.searchmodule2.tests.SearchTest2"/>
  <testcase name="search2" time="4.906" classname="com.searchmodule2.tests.SearchTest2"/>
  <testcase name="search2" time="9.827" classname="com.searchmodule2.tests.SearchTest2"/>
  <testcase name="search2" time="7.959" classname="com.searchmodule2.tests.SearchTest2"/>
</testsuite> <!-- com.searchmodule2.tests.SearchTest2 -->
